2021-03-21T17:07:06.97067600255-17:07:06 **** Build of configuration Debug for project xuartlite_intr_tapp_example_1 ****
000-make all 
000-Building file: ../src/xuartlite_intr_tapp_example.c
000-Invoking: MicroBlaze gcc compiler
000-mb-gcc -Wall -O0 -g3 -c -fmessage-length=0 -MT"src/xuartlite_intr_tapp_example.o" -I/home/chrispy/workspace/FPRock_CmodA735t/FPRock_Platform/export/FPRock_Platform/sw/FPRock_Platform/standalone_domain/bspinclude/include -mlittle-endian -mxl-barrel-shift -mxl-pattern-compare -mno-xl-soft-div -mcpu=v11.0 -mno-xl-soft-mul -mxl-multiply-high -mhard-float -Wl,--no-relax -ffunction-sections -fdata-sections -MMD -MP -MF"src/xuartlite_intr_tapp_example.d" -MT"src/xuartlite_intr_tapp_example.o" -o "src/xuartlite_intr_tapp_example.o" "../src/xuartlite_intr_tapp_example.c"
000-../src/xuartlite_intr_tapp_example.c: In function 'main':
000/xuartlite_intr_tapp_example_1/src/xuartlite_intr_tapp_example.c78-1-1'XPAR_INTC_0_UARTLITE_0_VEC_ID' undeclared (first use in this function); did you mean 'XPAR_INTC_0_UARTLITE_1_VEC_ID'?2XPAR_INTC_0_UARTLITE_0_VEC_ID../src/xuartlite_intr_tapp_example.c:78:30: error: 'XPAR_INTC_0_UARTLITE_0_VEC_ID' undeclared (first use in this function); did you mean 'XPAR_INTC_0_UARTLITE_1_VEC_ID'?
000- #define UARTLITE_IRPT_INTR   XPAR_INTC_0_UARTLITE_0_VEC_ID
000-                              ^~~~~~~~~~~~~~~~~~~~~~~~~~~~~
000/xuartlite_intr_tapp_example_1/src/xuartlite_intr_tapp_example.c178-1-1in expansion of macro 'UARTLITE_IRPT_INTR'0-../src/xuartlite_intr_tapp_example.c:178:6: note: in expansion of macro 'UARTLITE_IRPT_INTR'
000-      UARTLITE_IRPT_INTR);
000-      ^~~~~~~~~~~~~~~~~~
000/xuartlite_intr_tapp_example_1/src/xuartlite_intr_tapp_example.c78-1-1each undeclared identifier is reported only once for each function it appears in0-../src/xuartlite_intr_tapp_example.c:78:30: note: each undeclared identifier is reported only once for each function it appears in
000- #define UARTLITE_IRPT_INTR   XPAR_INTC_0_UARTLITE_0_VEC_ID
000-                              ^~~~~~~~~~~~~~~~~~~~~~~~~~~~~
000/xuartlite_intr_tapp_example_1/src/xuartlite_intr_tapp_example.c178-1-1in expansion of macro 'UARTLITE_IRPT_INTR'0-../src/xuartlite_intr_tapp_example.c:178:6: note: in expansion of macro 'UARTLITE_IRPT_INTR'
000-      UARTLITE_IRPT_INTR);
000-      ^~~~~~~~~~~~~~~~~~
000/xuartlite_intr_tapp_example_10-1-1make: *** [src/subdir.mk:23: src/xuartlite_intr_tapp_example.o] Error 12-make: *** [src/subdir.mk:23: src/xuartlite_intr_tapp_example.o] Error 1
00255-
17:07:07 Build Finished (took 169ms)

